<?xml version="1.0" encoding="UTF-8"?>
<!-- Generated by org.testng.reporters.JUnitReportReporter -->
<testsuite hostname="BWS-TINA-LAP" failures="0" tests="1" name="scripts.TC023" time="10.873" errors="0" timestamp="2022-08-15T17:51:54 BST" skipped="0">
  <testcase classname="scripts.TC023" name="deleteAReasonForCancellation" time="10.873"/>
  <system-out>
    <![CDATA[Hover mouse to Administrator tab and click on it
Click on the clinic type tab to open
Clinic type deleted]]>
  </system-out>
</testsuite> <!-- scripts.TC023 -->
