<?xml version="1.0" encoding="UTF-8"?>
<!-- Generated by org.testng.reporters.JUnitReportReporter -->
<testsuite hostname="BWS-TINA-LAP" failures="0" tests="1" name="scripts.TC009" time="18.300" errors="0" timestamp="2021-12-20T14:45:22 GMT" skipped="0">
  <testcase classname="scripts.TC009" name="viewActivityByClinicCodeReport" time="18.300"/>
  <system-out>
    <![CDATA[Hover mouse to Reports tab and click on it
Click on the activity by clinic code tab to open
Click on the search button to display report
Scroll down!to view more bookings
Scroll up!]]>
  </system-out>
</testsuite> <!-- scripts.TC009 -->
