<?xml version="1.0" encoding="UTF-8"?>
<!-- Generated by org.testng.reporters.JUnitReportReporter -->
<testsuite hostname="BWS-TINA-LAP" failures="0" tests="1" name="scripts.TC011" time="26.832" errors="0" timestamp="2022-08-15T17:51:54 BST" skipped="0">
  <testcase classname="scripts.TC011" name="deleteAllMultipleBookings" time="26.832"/>
  <system-out>
    <![CDATA[Select the dates you want to delete
Clickon search button to search date
Select the booking you would like to delete
Click on delete button
Select all other bookings in that series
Click Submit button to finally delete bookings]]>
  </system-out>
</testsuite> <!-- scripts.TC011 -->
