<?xml version="1.0" encoding="UTF-8"?>
<!-- Generated by org.testng.reporters.JUnitReportReporter -->
<testsuite hostname="BWS-TINA-LAP" failures="0" tests="1" name="scripts.TC018" time="16.026" errors="0" timestamp="2022-01-17T16:13:49 GMT" skipped="0">
  <testcase classname="scripts.TC018" name="EditClinicType" time="16.026"/>
  <system-out>
    <![CDATA[Hover mouse to Administrator tab and click on it
Click on the clinic type tab to open
Click on edit button
Enter description Automation Test
Click on save button]]>
  </system-out>
</testsuite> <!-- scripts.TC018 -->
