<?xml version="1.0" encoding="UTF-8"?>
<!-- Generated by org.testng.reporters.JUnitReportReporter -->
<testsuite hostname="BWS-TINA-LAP" failures="0" tests="2" name="scripts.TC008" time="34.837" errors="0" timestamp="2022-03-14T16:56:59 GMT" skipped="0">
  <testcase classname="scripts.TC008" name="search4AllBookings" time="17.173"/>
  <system-out>
    <![CDATA[Hover mouse to booking tab and click on it
Click on the search bookings tab to open
Click on advanced search button to return bookings
Scroll down!to view more bookings
Scroll up!]]>
  </system-out>
  <testcase classname="scripts.TC008" name="search4AllBookings" time="17.664"/>
  <system-out>
    <![CDATA[Hover mouse to booking tab and click on it
Click on the search bookings tab to open
Click on advanced search button to return bookings
Scroll down!to view more bookings
Scroll up!]]>
  </system-out>
</testsuite> <!-- scripts.TC008 -->
