<?xml version="1.0" encoding="UTF-8"?>
<!-- Generated by org.testng.reporters.JUnitReportReporter -->
<testsuite hostname="BWS-TINA-LAP" failures="0" tests="1" name="scripts.TC007" time="49.480" errors="0" timestamp="2022-08-15T17:51:54 BST" skipped="0">
  <testcase classname="scripts.TC007" name="MakeMultipleBookings" time="49.480"/>
  <system-out>
    <![CDATA[Select the 7th,8th and 9th of Jun 2022
Select All Day
Enter clinic Name
Add Room
Complete the add room form and save booking]]>
  </system-out>
</testsuite> <!-- scripts.TC007 -->
