<?xml version="1.0" encoding="UTF-8"?>
<!-- Generated by org.testng.reporters.JUnitReportReporter -->
<testsuite hostname="BWS-TINA-LAP" failures="0" tests="1" name="scripts.TC025" time="14.251" errors="0" timestamp="2022-02-01T11:27:08 GMT" skipped="0">
  <testcase classname="scripts.TC025" name="rejectABookingRequest" time="14.251"/>
  <system-out>
    <![CDATA[Click on Notices
Click on Reject link
Enter reason for rejection
Click on send button
Dont send email]]>
  </system-out>
</testsuite> <!-- scripts.TC025 -->
