<?xml version="1.0" encoding="UTF-8"?>
<!-- Generated by org.testng.reporters.JUnitReportReporter -->
<testsuite hostname="BWS-TINA-LAP" failures="0" tests="1" name="scripts.TC001" time="8.769" errors="0" timestamp="2023-12-07T10:05:12 GMT" skipped="0">
  <testcase classname="scripts.TC001" name="testProductLoginAndLogOut" time="8.769"/>
  <system-out/>
</testsuite> <!-- scripts.TC001 -->
