<?xml version="1.0" encoding="UTF-8"?>
<!-- Generated by org.testng.reporters.JUnitReportReporter -->
<testsuite hostname="BWS-TINA-LAP" failures="0" tests="1" name="scripts.TC006" time="27.628" errors="0" timestamp="2022-08-15T17:51:54 BST" skipped="0">
  <testcase classname="scripts.TC006" name="BookingPrevention" time="27.628"/>
  <system-out>
    <![CDATA[Hover mouse to booking tab and click on it
Click on new booking prevention tab to open
wait for page to open
Select a hospital
Select a room
Select month, year and dates 7th and 8th
Select period
Enter reason for room prevention
Click on save button to save form
Booking prevention created for room name= Area C1 on the 7th of Mar 2022]]>
  </system-out>
</testsuite> <!-- scripts.TC006 -->
