<?xml version="1.0" encoding="UTF-8"?>
<!-- Generated by org.testng.reporters.JUnitReportReporter -->
<testsuite hostname="BWS-TINA-LAP" failures="0" tests="1" name="scripts.TC003" time="37.098" errors="0" timestamp="2023-06-01T10:54:40 BST" skipped="0">
  <testcase classname="scripts.TC003" name="addSingleBooking" time="37.098"/>
  <system-out>
    <![CDATA[Click on New Booking button
Enter clinic Name
Add Room
Complete the add room form and save booking
Send Email notification
Click on Ok button to complete booking
Single booking Created]]>
  </system-out>
</testsuite> <!-- scripts.TC003 -->
