<?xml version="1.0" encoding="UTF-8"?>
<!-- Generated by org.testng.reporters.JUnitReportReporter -->
<testsuite hostname="BWS-TINA-LAP" failures="0" tests="1" name="scripts.TC021" time="21.368" errors="0" timestamp="2022-08-15T17:51:54 BST" skipped="0">
  <testcase classname="scripts.TC021" name="createAreasonForCancellation" time="21.368"/>
  <system-out>
    <![CDATA[Hover mouse to Administrator tab and click on it
Click on the clinic type tab to open
Testing the Back to List link that it works and go back to create 
Create on the create btn to open the create page
A test is created]]>
  </system-out>
</testsuite> <!-- scripts.TC021 -->
