<?xml version="1.0" encoding="UTF-8"?>
<!-- Generated by org.testng.reporters.JUnitReportReporter -->
<testsuite hostname="BWS-TINA-LAP" failures="0" tests="1" name="scripts.TC013" time="22.019" errors="0" timestamp="2022-01-06T17:16:08 GMT" skipped="0">
  <testcase classname="scripts.TC013" name="ViewAndPrintActivityByClinicReport" time="22.019"/>
  <system-out>
    <![CDATA[Hover mouse to Reports tab and click on it
Click on the activity by clinic lead tab to open
Click on the search button to display report
Click on print button to download report]]>
  </system-out>
</testsuite> <!-- scripts.TC013 -->
