<?xml version="1.0" encoding="UTF-8"?>
<!-- Generated by org.testng.reporters.JUnitReportReporter -->
<testsuite hostname="BWS-TINA-LAP" failures="0" tests="1" name="scripts.TC022" time="18.606" errors="0" timestamp="2022-08-15T17:51:54 BST" skipped="0">
  <testcase classname="scripts.TC022" name="EditAReasonForCancellation" time="18.606"/>
  <system-out>
    <![CDATA[Hover mouse to Administrator tab and click on it
Click on the clinic type tab to open
Click on edit button
Enter description AAA Test
Click on save button]]>
  </system-out>
</testsuite> <!-- scripts.TC022 -->
