<?xml version="1.0" encoding="UTF-8"?>
<!-- Generated by org.testng.reporters.JUnitReportReporter -->
<testsuite hostname="BWS-TINA-LAP" failures="0" tests="1" name="scripts.TC004" time="19.606" errors="0" timestamp="2021-12-01T11:48:24 GMT" skipped="0">
  <testcase classname="scripts.TC004" name="cancelBooking" time="19.606"/>
  <system-out>
    <![CDATA[Hover mouse to booking Tab
Click on cancel bookings
Click on advanced search to find all Bookings
Select the booking you want to cancel
Select cancellation reason
Click on submit button to send request
Booking cancelled successfully]]>
  </system-out>
</testsuite> <!-- scripts.TC004 -->
