<?xml version="1.0" encoding="UTF-8"?>
<!-- Generated by org.testng.reporters.JUnitReportReporter -->
<testsuite hostname="BWS-TINA-LAP" failures="0" tests="1" name="scripts.TC017" time="18.007" errors="0" timestamp="2022-08-15T17:51:54 BST" skipped="0">
  <testcase classname="scripts.TC017" name="deletePreventionBookings" time="18.007"/>
  <system-out>
    <![CDATA[Hover mouse to Reports tab and click on it
Click on Booking Prevention tab to open
Select month, year and date the 8th
Click search button to display result
Click view button to view result
Booking Prevention deleted]]>
  </system-out>
</testsuite> <!-- scripts.TC017 -->
