<?xml version="1.0" encoding="UTF-8"?>
<!-- Generated by org.testng.reporters.JUnitReportReporter -->
<testsuite hostname="BWS-TINA-LAP" failures="0" tests="1" name="scripts.TC010" time="21.624" errors="0" timestamp="2021-12-20T16:18:12 GMT" skipped="0">
  <testcase classname="scripts.TC010" name="viewActivityBySpecialityReport" time="21.624"/>
  <system-out>
    <![CDATA[Hover mouse to Reports tab and click on it
Click on the activity by clinic code tab to open
Click on the search button to display report
Wait for excel to open sheet with data info]]>
  </system-out>
</testsuite> <!-- scripts.TC010 -->
