<?xml version="1.0" encoding="UTF-8"?>
<!-- Generated by org.testng.reporters.JUnitReportReporter -->
<testsuite hostname="BWS-TINA-LAP" failures="0" tests="1" name="scripts.TC012" time="16.117" errors="0" timestamp="2022-01-06T15:26:51 GMT" skipped="0">
  <testcase classname="scripts.TC012" name="advancedClinicReport" time="16.117"/>
  <system-out>
    <![CDATA[Hover mouse to Reports tab and click on it
Click on the advanced clinic tab to open
Click on the search button to display report
Scroll down!to view more data on the report
Scroll up!]]>
  </system-out>
</testsuite> <!-- scripts.TC012 -->
