<?xml version="1.0" encoding="UTF-8"?>
<!-- Generated by org.testng.reporters.JUnitReportReporter -->
<testsuite hostname="BWS-TINA-LAP" failures="0" tests="1" name="scripts.TC024" time="20.347" errors="0" timestamp="2022-01-31T12:33:26 GMT" skipped="0">
  <testcase classname="scripts.TC024" name="ConfirmBookingFromBookingRequest" time="20.347"/>
  <system-out/>
</testsuite> <!-- scripts.TC024 -->
