<?xml version="1.0" encoding="UTF-8"?>
<!-- Generated by org.testng.reporters.JUnitReportReporter -->
<testsuite hostname="BWS-TINA-LAP" failures="0" tests="2" name="scripts.TC005" time="37.633" errors="0" timestamp="2022-03-14T16:56:59 GMT" skipped="0">
  <testcase classname="scripts.TC005" name="CheckAvailableRooms" time="18.390"/>
  <system-out>
    <![CDATA[Hover mouse to booking Tab
Click on check availability
Select your period
Wait for system to display result]]>
  </system-out>
  <testcase classname="scripts.TC005" name="CheckAvailableRooms" time="19.243"/>
  <system-out>
    <![CDATA[Hover mouse to booking Tab
Click on check availability
Select your period
Wait for system to display result]]>
  </system-out>
</testsuite> <!-- scripts.TC005 -->
